{
  "stats": {
    "suites": 2,
    "tests": 3,
    "passes": 3,
    "pending": 0,
    "failures": 0,
    "start": "2017-07-12T15:56:48.359Z",
    "end": "2017-07-12T15:56:50.536Z",
    "duration": 2177,
    "testsRegistered": 3,
    "passPercent": 100,
    "pendingPercent": 0,
    "other": 0,
    "hasOther": false,
    "skipped": 0,
    "hasSkipped": false,
    "passPercentClass": "success",
    "pendingPercentClass": "danger"
  },
  "suites": {
    "title": "",
    "suites": [
      {
        "title": "RuntimeNodeJS installation",
        "suites": [
          {
            "title": "Data Objects created / sec",
            "suites": [],
            "tests": [
              {
                "title": "should load and install a Reporter hyperty",
                "fullTitle": "RuntimeNodeJS installation Data Objects created / sec should load and install a Reporter hyperty",
                "timedOut": false,
                "duration": 738,
                "state": "passed",
                "speed": "slow",
                "pass": true,
                "fail": false,
                "pending": false,
                "code": "expect(rethink.requireHyperty(reporterHypertyURL).then(function(result) {\n  reporterHyperty = result.instance;\n  return result;\n}).catch(function(err) {\n  console.log('error->', err);\n})).to.be.fulfilled\n.and.eventually.have.all.keys('name', 'runtimeHypertyURL', 'instance', 'status')\n.and.notify(done);",
                "err": {},
                "isRoot": false,
                "uuid": "7fb6a89e-7f45-4cdb-855b-9a1c9bd824aa",
                "parentUUID": "6950b72c-0c49-44e8-9fb5-a4a779038224",
                "isHook": false,
                "skipped": false
              },
              {
                "title": "should generate 20 Objects for reporterHyperty",
                "fullTitle": "RuntimeNodeJS installation Data Objects created / sec should generate 20 Objects for reporterHyperty",
                "timedOut": false,
                "duration": 1030,
                "state": "passed",
                "speed": "slow",
                "pass": true,
                "fail": false,
                "pending": false,
                "code": "var nrOfReporters = 50;\nexpect(createNReporters(reporterHyperty,nrOfReporters)).to.be.fulfilled\n.and.eventually.to.be.an('array')\n.lengthOf(nrOfReporters)\n.and.notify(done);",
                "err": {},
                "isRoot": false,
                "uuid": "82e65ad3-492d-4263-8ec0-81687f34b4d0",
                "parentUUID": "6950b72c-0c49-44e8-9fb5-a4a779038224",
                "isHook": false,
                "skipped": false
              }
            ],
            "pending": [],
            "root": false,
            "_timeout": 2000,
            "file": "/test/RuntimeNodeJS.spec.js",
            "uuid": "6950b72c-0c49-44e8-9fb5-a4a779038224",
            "beforeHooks": [],
            "afterHooks": [],
            "fullFile": "/home/luis/Documents/rethink/dev-runtime-nodejs/test/RuntimeNodeJS.spec.js",
            "passes": [
              {
                "title": "should load and install a Reporter hyperty",
                "fullTitle": "RuntimeNodeJS installation Data Objects created / sec should load and install a Reporter hyperty",
                "timedOut": false,
                "duration": 738,
                "state": "passed",
                "speed": "slow",
                "pass": true,
                "fail": false,
                "pending": false,
                "code": "expect(rethink.requireHyperty(reporterHypertyURL).then(function(result) {\n  reporterHyperty = result.instance;\n  return result;\n}).catch(function(err) {\n  console.log('error->', err);\n})).to.be.fulfilled\n.and.eventually.have.all.keys('name', 'runtimeHypertyURL', 'instance', 'status')\n.and.notify(done);",
                "err": {},
                "isRoot": false,
                "uuid": "7fb6a89e-7f45-4cdb-855b-9a1c9bd824aa",
                "parentUUID": "6950b72c-0c49-44e8-9fb5-a4a779038224",
                "isHook": false,
                "skipped": false
              },
              {
                "title": "should generate 20 Objects for reporterHyperty",
                "fullTitle": "RuntimeNodeJS installation Data Objects created / sec should generate 20 Objects for reporterHyperty",
                "timedOut": false,
                "duration": 1030,
                "state": "passed",
                "speed": "slow",
                "pass": true,
                "fail": false,
                "pending": false,
                "code": "var nrOfReporters = 50;\nexpect(createNReporters(reporterHyperty,nrOfReporters)).to.be.fulfilled\n.and.eventually.to.be.an('array')\n.lengthOf(nrOfReporters)\n.and.notify(done);",
                "err": {},
                "isRoot": false,
                "uuid": "82e65ad3-492d-4263-8ec0-81687f34b4d0",
                "parentUUID": "6950b72c-0c49-44e8-9fb5-a4a779038224",
                "isHook": false,
                "skipped": false
              }
            ],
            "failures": [],
            "skipped": [],
            "hasBeforeHooks": false,
            "hasAfterHooks": false,
            "hasTests": true,
            "hasSuites": false,
            "totalTests": 2,
            "totalPasses": 2,
            "totalFailures": 0,
            "totalPending": 0,
            "totalSkipped": 0,
            "hasPasses": true,
            "hasFailures": false,
            "hasPending": false,
            "hasSkipped": false,
            "duration": 1768,
            "rootEmpty": false
          }
        ],
        "tests": [
          {
            "title": "should install runtime-nodejs",
            "fullTitle": "RuntimeNodeJS installation should install runtime-nodejs",
            "timedOut": false,
            "duration": 384,
            "state": "passed",
            "speed": "slow",
            "pass": true,
            "fail": false,
            "pending": false,
            "code": "console.log('log->', rethinkNode.default, core);\n    expect(rethinkNode.default.install({\n      domain: domain,\n      runtimeURL,\n      development: true\n    }).then(function(result) {\n      rethink = result;\n      return rethink;\n    })).to.be.fulfilled\n    .and.eventually.have.all.keys('requireHyperty', 'requireProtostub')\n    .and.notify(done);",
            "err": {},
            "isRoot": false,
            "uuid": "d7aa9864-2764-4a60-81b4-c2357e0ae2d0",
            "parentUUID": "257b7e48-a1ff-4366-8b3e-0f8578a54f07",
            "isHook": false,
            "skipped": false
          }
        ],
        "pending": [],
        "root": false,
        "_timeout": 2000,
        "file": "/test/RuntimeNodeJS.spec.js",
        "uuid": "257b7e48-a1ff-4366-8b3e-0f8578a54f07",
        "beforeHooks": [],
        "afterHooks": [],
        "fullFile": "/home/luis/Documents/rethink/dev-runtime-nodejs/test/RuntimeNodeJS.spec.js",
        "passes": [
          {
            "title": "should install runtime-nodejs",
            "fullTitle": "RuntimeNodeJS installation should install runtime-nodejs",
            "timedOut": false,
            "duration": 384,
            "state": "passed",
            "speed": "slow",
            "pass": true,
            "fail": false,
            "pending": false,
            "code": "console.log('log->', rethinkNode.default, core);\n    expect(rethinkNode.default.install({\n      domain: domain,\n      runtimeURL,\n      development: true\n    }).then(function(result) {\n      rethink = result;\n      return rethink;\n    })).to.be.fulfilled\n    .and.eventually.have.all.keys('requireHyperty', 'requireProtostub')\n    .and.notify(done);",
            "err": {},
            "isRoot": false,
            "uuid": "d7aa9864-2764-4a60-81b4-c2357e0ae2d0",
            "parentUUID": "257b7e48-a1ff-4366-8b3e-0f8578a54f07",
            "isHook": false,
            "skipped": false
          }
        ],
        "failures": [],
        "skipped": [],
        "hasBeforeHooks": false,
        "hasAfterHooks": false,
        "hasTests": true,
        "hasSuites": true,
        "totalTests": 1,
        "totalPasses": 1,
        "totalFailures": 0,
        "totalPending": 0,
        "totalSkipped": 0,
        "hasPasses": true,
        "hasFailures": false,
        "hasPending": false,
        "hasSkipped": false,
        "duration": 384,
        "rootEmpty": false
      }
    ],
    "tests": [],
    "pending": [],
    "root": true,
    "_timeout": 2000,
    "uuid": "f140a466-a36c-4151-91e7-b52bade5fce2",
    "beforeHooks": [],
    "afterHooks": [],
    "fullFile": "",
    "file": "",
    "passes": [],
    "failures": [],
    "skipped": [],
    "hasBeforeHooks": false,
    "hasAfterHooks": false,
    "hasTests": false,
    "hasSuites": true,
    "totalTests": 0,
    "totalPasses": 0,
    "totalFailures": 0,
    "totalPending": 0,
    "totalSkipped": 0,
    "hasPasses": false,
    "hasFailures": false,
    "hasPending": false,
    "hasSkipped": false,
    "duration": 0,
    "rootEmpty": true
  },
  "allTests": [
    {
      "title": "should install runtime-nodejs",
      "fullTitle": "RuntimeNodeJS installation should install runtime-nodejs",
      "timedOut": false,
      "duration": 384,
      "state": "passed",
      "speed": "slow",
      "pass": true,
      "fail": false,
      "pending": false,
      "code": "console.log('log->', rethinkNode.default, core);\n    expect(rethinkNode.default.install({\n      domain: domain,\n      runtimeURL,\n      development: true\n    }).then(function(result) {\n      rethink = result;\n      return rethink;\n    })).to.be.fulfilled\n    .and.eventually.have.all.keys('requireHyperty', 'requireProtostub')\n    .and.notify(done);",
      "err": {},
      "isRoot": false,
      "uuid": "d7aa9864-2764-4a60-81b4-c2357e0ae2d0",
      "parentUUID": "257b7e48-a1ff-4366-8b3e-0f8578a54f07",
      "isHook": false,
      "skipped": false
    },
    {
      "title": "should load and install a Reporter hyperty",
      "fullTitle": "Data Objects created / sec should load and install a Reporter hyperty",
      "timedOut": false,
      "duration": 738,
      "state": "passed",
      "speed": "slow",
      "pass": true,
      "fail": false,
      "pending": false,
      "code": "expect(rethink.requireHyperty(reporterHypertyURL).then(function(result) {\n  reporterHyperty = result.instance;\n  return result;\n}).catch(function(err) {\n  console.log('error->', err);\n})).to.be.fulfilled\n.and.eventually.have.all.keys('name', 'runtimeHypertyURL', 'instance', 'status')\n.and.notify(done);",
      "err": {},
      "isRoot": false,
      "uuid": "7fb6a89e-7f45-4cdb-855b-9a1c9bd824aa",
      "parentUUID": "6950b72c-0c49-44e8-9fb5-a4a779038224",
      "isHook": false,
      "skipped": false
    },
    {
      "title": "should generate 20 Objects for reporterHyperty",
      "fullTitle": "Data Objects created / sec should generate 20 Objects for reporterHyperty",
      "timedOut": false,
      "duration": 1030,
      "state": "passed",
      "speed": "slow",
      "pass": true,
      "fail": false,
      "pending": false,
      "code": "var nrOfReporters = 50;\nexpect(createNReporters(reporterHyperty,nrOfReporters)).to.be.fulfilled\n.and.eventually.to.be.an('array')\n.lengthOf(nrOfReporters)\n.and.notify(done);",
      "err": {},
      "isRoot": false,
      "uuid": "82e65ad3-492d-4263-8ec0-81687f34b4d0",
      "parentUUID": "6950b72c-0c49-44e8-9fb5-a4a779038224",
      "isHook": false,
      "skipped": false
    }
  ],
  "allPending": [],
  "allPasses": [
    {
      "title": "should install runtime-nodejs",
      "fullTitle": "RuntimeNodeJS installation should install runtime-nodejs",
      "timedOut": false,
      "duration": 384,
      "state": "passed",
      "speed": "slow",
      "pass": true,
      "fail": false,
      "pending": false,
      "code": "console.log('log->', rethinkNode.default, core);\n    expect(rethinkNode.default.install({\n      domain: domain,\n      runtimeURL,\n      development: true\n    }).then(function(result) {\n      rethink = result;\n      return rethink;\n    })).to.be.fulfilled\n    .and.eventually.have.all.keys('requireHyperty', 'requireProtostub')\n    .and.notify(done);",
      "err": {},
      "isRoot": false,
      "uuid": "d7aa9864-2764-4a60-81b4-c2357e0ae2d0",
      "parentUUID": "257b7e48-a1ff-4366-8b3e-0f8578a54f07",
      "isHook": false,
      "skipped": false
    },
    {
      "title": "should load and install a Reporter hyperty",
      "fullTitle": "Data Objects created / sec should load and install a Reporter hyperty",
      "timedOut": false,
      "duration": 738,
      "state": "passed",
      "speed": "slow",
      "pass": true,
      "fail": false,
      "pending": false,
      "code": "expect(rethink.requireHyperty(reporterHypertyURL).then(function(result) {\n  reporterHyperty = result.instance;\n  return result;\n}).catch(function(err) {\n  console.log('error->', err);\n})).to.be.fulfilled\n.and.eventually.have.all.keys('name', 'runtimeHypertyURL', 'instance', 'status')\n.and.notify(done);",
      "err": {},
      "isRoot": false,
      "uuid": "7fb6a89e-7f45-4cdb-855b-9a1c9bd824aa",
      "parentUUID": "6950b72c-0c49-44e8-9fb5-a4a779038224",
      "isHook": false,
      "skipped": false
    },
    {
      "title": "should generate 20 Objects for reporterHyperty",
      "fullTitle": "Data Objects created / sec should generate 20 Objects for reporterHyperty",
      "timedOut": false,
      "duration": 1030,
      "state": "passed",
      "speed": "slow",
      "pass": true,
      "fail": false,
      "pending": false,
      "code": "var nrOfReporters = 50;\nexpect(createNReporters(reporterHyperty,nrOfReporters)).to.be.fulfilled\n.and.eventually.to.be.an('array')\n.lengthOf(nrOfReporters)\n.and.notify(done);",
      "err": {},
      "isRoot": false,
      "uuid": "82e65ad3-492d-4263-8ec0-81687f34b4d0",
      "parentUUID": "6950b72c-0c49-44e8-9fb5-a4a779038224",
      "isHook": false,
      "skipped": false
    }
  ],
  "allFailures": [],
  "copyrightYear": 2017
}