{
  "stats": {
    "suites": 3,
    "tests": 7,
    "passes": 7,
    "pending": 0,
    "failures": 0,
    "start": "2017-07-13T13:33:53.631Z",
    "end": "2017-07-13T13:34:04.059Z",
    "duration": 10428,
    "testsRegistered": 7,
    "passPercent": 100,
    "pendingPercent": 0,
    "other": 0,
    "hasOther": false,
    "skipped": 0,
    "hasSkipped": false,
    "passPercentClass": "success",
    "pendingPercentClass": "danger"
  },
  "suites": {
    "title": "",
    "suites": [
      {
        "title": "RuntimeNodeJS installation",
        "suites": [
          {
            "title": "Data Objects created / sec",
            "suites": [],
            "tests": [
              {
                "title": "should load and install a Reporter hyperty",
                "fullTitle": "RuntimeNodeJS installation Data Objects created / sec should load and install a Reporter hyperty",
                "timedOut": false,
                "duration": 1719,
                "state": "passed",
                "speed": "slow",
                "pass": true,
                "fail": false,
                "pending": false,
                "code": "expect(rethink.requireHyperty(reporterHypertyURL).then(function(result) {\n  reporterHyperty = result.instance;\n  return result;\n}).catch(function(err) {\n  console.log('error->', err);\n})).to.be.fulfilled\n.and.eventually.have.all.keys('name', 'runtimeHypertyURL', 'instance', 'status')\n.and.notify(done);",
                "err": {},
                "isRoot": false,
                "uuid": "12797912-6e24-4b48-8412-d06511b7add5",
                "parentUUID": "f487f32d-0bc5-4211-aca9-935892144f1a",
                "isHook": false,
                "skipped": false
              },
              {
                "title": "should generate 20 Objects for reporterHyperty",
                "fullTitle": "RuntimeNodeJS installation Data Objects created / sec should generate 20 Objects for reporterHyperty",
                "timedOut": false,
                "duration": 388,
                "state": "passed",
                "speed": "slow",
                "pass": true,
                "fail": false,
                "pending": false,
                "code": "expect(createNReporters(reporterHyperty, nrOfDataObjRepObs)).to.be.fulfilled\n.and.eventually.to.be.an('array')\n.lengthOf(nrOfDataObjRepObs)\n.and.notify(done);",
                "err": {},
                "isRoot": false,
                "uuid": "bda6da3c-9dc5-4ad0-b394-0698548dc3fb",
                "parentUUID": "f487f32d-0bc5-4211-aca9-935892144f1a",
                "isHook": false,
                "skipped": false
              }
            ],
            "pending": [],
            "root": false,
            "_timeout": 2000,
            "file": "/test/RuntimeNodeJS.spec.js",
            "uuid": "f487f32d-0bc5-4211-aca9-935892144f1a",
            "beforeHooks": [],
            "afterHooks": [],
            "fullFile": "/home/luis/Documents/rethink/dev-runtime-nodejs/test/RuntimeNodeJS.spec.js",
            "passes": [
              {
                "title": "should load and install a Reporter hyperty",
                "fullTitle": "RuntimeNodeJS installation Data Objects created / sec should load and install a Reporter hyperty",
                "timedOut": false,
                "duration": 1719,
                "state": "passed",
                "speed": "slow",
                "pass": true,
                "fail": false,
                "pending": false,
                "code": "expect(rethink.requireHyperty(reporterHypertyURL).then(function(result) {\n  reporterHyperty = result.instance;\n  return result;\n}).catch(function(err) {\n  console.log('error->', err);\n})).to.be.fulfilled\n.and.eventually.have.all.keys('name', 'runtimeHypertyURL', 'instance', 'status')\n.and.notify(done);",
                "err": {},
                "isRoot": false,
                "uuid": "12797912-6e24-4b48-8412-d06511b7add5",
                "parentUUID": "f487f32d-0bc5-4211-aca9-935892144f1a",
                "isHook": false,
                "skipped": false
              },
              {
                "title": "should generate 20 Objects for reporterHyperty",
                "fullTitle": "RuntimeNodeJS installation Data Objects created / sec should generate 20 Objects for reporterHyperty",
                "timedOut": false,
                "duration": 388,
                "state": "passed",
                "speed": "slow",
                "pass": true,
                "fail": false,
                "pending": false,
                "code": "expect(createNReporters(reporterHyperty, nrOfDataObjRepObs)).to.be.fulfilled\n.and.eventually.to.be.an('array')\n.lengthOf(nrOfDataObjRepObs)\n.and.notify(done);",
                "err": {},
                "isRoot": false,
                "uuid": "bda6da3c-9dc5-4ad0-b394-0698548dc3fb",
                "parentUUID": "f487f32d-0bc5-4211-aca9-935892144f1a",
                "isHook": false,
                "skipped": false
              }
            ],
            "failures": [],
            "skipped": [],
            "hasBeforeHooks": false,
            "hasAfterHooks": false,
            "hasTests": true,
            "hasSuites": false,
            "totalTests": 2,
            "totalPasses": 2,
            "totalFailures": 0,
            "totalPending": 0,
            "totalSkipped": 0,
            "hasPasses": true,
            "hasFailures": false,
            "hasPending": false,
            "hasSkipped": false,
            "duration": 2107,
            "rootEmpty": false
          },
          {
            "title": "Nodejs Data Objects subscribed",
            "suites": [],
            "tests": [
              {
                "title": "should load and install an Observer hyperty",
                "fullTitle": "RuntimeNodeJS installation Nodejs Data Objects subscribed should load and install an Observer hyperty",
                "timedOut": false,
                "duration": 1375,
                "state": "passed",
                "speed": "slow",
                "pass": true,
                "fail": false,
                "pending": false,
                "code": "expect(rethink.requireHyperty(observerHypertyURL).then(function(result) {\n  console.log('hyperty observer URL', result.instance.identityManager.hypertyURL);\n  observerHyperty = result.instance;\n  return result;\n}).catch(function(err) {\n  console.log('error->', err);\n})).to.be.fulfilled\n.and.eventually.have.all.keys('name', 'runtimeHypertyURL', 'instance', 'status')\n.and.notify(done);",
                "err": {},
                "isRoot": false,
                "uuid": "bc826d14-bc76-45f4-9ff9-2e2a02f81067",
                "parentUUID": "a373ee2d-46c7-4bf8-a1ab-d3eaa8e7f7b2",
                "isHook": false,
                "skipped": false
              },
              {
                "title": "should subcribe all dataObjects Reporter created before",
                "fullTitle": "RuntimeNodeJS installation Nodejs Data Objects subscribed should subcribe all dataObjects Reporter created before",
                "timedOut": false,
                "duration": 2001,
                "state": "passed",
                "speed": "slow",
                "pass": true,
                "fail": false,
                "pending": false,
                "code": "this.timeout(150 * nrOfDataObjRepObs);\nexpect(subscribeNReporters(nrOfDataObjRepObs)).to.be.fulfilled\n.and.eventually.to.be.true\n.and.notify(done);",
                "err": {},
                "isRoot": false,
                "uuid": "47ae5ad8-aea3-4dea-974a-c332fcc30507",
                "parentUUID": "a373ee2d-46c7-4bf8-a1ab-d3eaa8e7f7b2",
                "isHook": false,
                "skipped": false
              },
              {
                "title": "Change each DataObjectReporter one time and notify Observers",
                "fullTitle": "RuntimeNodeJS installation Nodejs Data Objects subscribed Change each DataObjectReporter one time and notify Observers",
                "timedOut": false,
                "duration": 204,
                "state": "passed",
                "speed": "slow",
                "pass": true,
                "fail": false,
                "pending": false,
                "code": "var count = 0;\n      for (i = 0; i < nrOfDataObjRepObs; i++) {\n        dataObjectObservers[i].onChange('*', (changeEvent) => {\n          expect(changeEvent).to.contain.all.keys({ cType: 'add', oType: 'object', field: 'test', data: ['a', 'b', 'c'] });\n          count++;\n          if (count == nrOfDataObjRepObs) {\n            console.log('All changes done!');\n            done();\n          }\n        });\n      }\n      var i;\n      for (i = 0; i < nrOfDataObjRepObs; i++) {\n        dataObjectReporters[i].data.test = ['a', 'b', 'c'];\n      }",
                "err": {},
                "isRoot": false,
                "uuid": "c93f7111-a31a-47ff-8963-3132b7b771c0",
                "parentUUID": "a373ee2d-46c7-4bf8-a1ab-d3eaa8e7f7b2",
                "isHook": false,
                "skipped": false
              },
              {
                "title": "Change Ntimes DataObjectReporters and notify Observers",
                "fullTitle": "RuntimeNodeJS installation Nodejs Data Objects subscribed Change Ntimes DataObjectReporters and notify Observers",
                "timedOut": false,
                "duration": 4297,
                "state": "passed",
                "speed": "slow",
                "pass": true,
                "fail": false,
                "pending": false,
                "code": "this.timeout(15 *  nrOfDataObjRepObs * nrOfChanges);\nvar count = 0;\nfor (i = 0; i < nrOfDataObjRepObs; i++) {\n  dataObjectObservers[i].onChange('*', (changeEvent) => {\n    count++;\n    if (count == nrOfDataObjRepObs * nrOfChanges) {\n      console.log('All changes done!');\n      done();\n    }\n  });\n}\nvar i;\nvar j;\nfor (i = 0; i < nrOfDataObjRepObs; i++) {\n  for (j = 0; j < nrOfChanges; j++) {\n    dataObjectReporters[i].data.test = ['a', 'b', 'c', j];\n  }\n}",
                "err": {},
                "isRoot": false,
                "uuid": "09ed0cd8-a38a-4ec6-b5ee-c83a015b50b1",
                "parentUUID": "a373ee2d-46c7-4bf8-a1ab-d3eaa8e7f7b2",
                "isHook": false,
                "skipped": false
              }
            ],
            "pending": [],
            "root": false,
            "_timeout": 2000,
            "file": "/test/RuntimeNodeJS.spec.js",
            "uuid": "a373ee2d-46c7-4bf8-a1ab-d3eaa8e7f7b2",
            "beforeHooks": [],
            "afterHooks": [],
            "fullFile": "/home/luis/Documents/rethink/dev-runtime-nodejs/test/RuntimeNodeJS.spec.js",
            "passes": [
              {
                "title": "should load and install an Observer hyperty",
                "fullTitle": "RuntimeNodeJS installation Nodejs Data Objects subscribed should load and install an Observer hyperty",
                "timedOut": false,
                "duration": 1375,
                "state": "passed",
                "speed": "slow",
                "pass": true,
                "fail": false,
                "pending": false,
                "code": "expect(rethink.requireHyperty(observerHypertyURL).then(function(result) {\n  console.log('hyperty observer URL', result.instance.identityManager.hypertyURL);\n  observerHyperty = result.instance;\n  return result;\n}).catch(function(err) {\n  console.log('error->', err);\n})).to.be.fulfilled\n.and.eventually.have.all.keys('name', 'runtimeHypertyURL', 'instance', 'status')\n.and.notify(done);",
                "err": {},
                "isRoot": false,
                "uuid": "bc826d14-bc76-45f4-9ff9-2e2a02f81067",
                "parentUUID": "a373ee2d-46c7-4bf8-a1ab-d3eaa8e7f7b2",
                "isHook": false,
                "skipped": false
              },
              {
                "title": "should subcribe all dataObjects Reporter created before",
                "fullTitle": "RuntimeNodeJS installation Nodejs Data Objects subscribed should subcribe all dataObjects Reporter created before",
                "timedOut": false,
                "duration": 2001,
                "state": "passed",
                "speed": "slow",
                "pass": true,
                "fail": false,
                "pending": false,
                "code": "this.timeout(150 * nrOfDataObjRepObs);\nexpect(subscribeNReporters(nrOfDataObjRepObs)).to.be.fulfilled\n.and.eventually.to.be.true\n.and.notify(done);",
                "err": {},
                "isRoot": false,
                "uuid": "47ae5ad8-aea3-4dea-974a-c332fcc30507",
                "parentUUID": "a373ee2d-46c7-4bf8-a1ab-d3eaa8e7f7b2",
                "isHook": false,
                "skipped": false
              },
              {
                "title": "Change each DataObjectReporter one time and notify Observers",
                "fullTitle": "RuntimeNodeJS installation Nodejs Data Objects subscribed Change each DataObjectReporter one time and notify Observers",
                "timedOut": false,
                "duration": 204,
                "state": "passed",
                "speed": "slow",
                "pass": true,
                "fail": false,
                "pending": false,
                "code": "var count = 0;\n      for (i = 0; i < nrOfDataObjRepObs; i++) {\n        dataObjectObservers[i].onChange('*', (changeEvent) => {\n          expect(changeEvent).to.contain.all.keys({ cType: 'add', oType: 'object', field: 'test', data: ['a', 'b', 'c'] });\n          count++;\n          if (count == nrOfDataObjRepObs) {\n            console.log('All changes done!');\n            done();\n          }\n        });\n      }\n      var i;\n      for (i = 0; i < nrOfDataObjRepObs; i++) {\n        dataObjectReporters[i].data.test = ['a', 'b', 'c'];\n      }",
                "err": {},
                "isRoot": false,
                "uuid": "c93f7111-a31a-47ff-8963-3132b7b771c0",
                "parentUUID": "a373ee2d-46c7-4bf8-a1ab-d3eaa8e7f7b2",
                "isHook": false,
                "skipped": false
              },
              {
                "title": "Change Ntimes DataObjectReporters and notify Observers",
                "fullTitle": "RuntimeNodeJS installation Nodejs Data Objects subscribed Change Ntimes DataObjectReporters and notify Observers",
                "timedOut": false,
                "duration": 4297,
                "state": "passed",
                "speed": "slow",
                "pass": true,
                "fail": false,
                "pending": false,
                "code": "this.timeout(15 *  nrOfDataObjRepObs * nrOfChanges);\nvar count = 0;\nfor (i = 0; i < nrOfDataObjRepObs; i++) {\n  dataObjectObservers[i].onChange('*', (changeEvent) => {\n    count++;\n    if (count == nrOfDataObjRepObs * nrOfChanges) {\n      console.log('All changes done!');\n      done();\n    }\n  });\n}\nvar i;\nvar j;\nfor (i = 0; i < nrOfDataObjRepObs; i++) {\n  for (j = 0; j < nrOfChanges; j++) {\n    dataObjectReporters[i].data.test = ['a', 'b', 'c', j];\n  }\n}",
                "err": {},
                "isRoot": false,
                "uuid": "09ed0cd8-a38a-4ec6-b5ee-c83a015b50b1",
                "parentUUID": "a373ee2d-46c7-4bf8-a1ab-d3eaa8e7f7b2",
                "isHook": false,
                "skipped": false
              }
            ],
            "failures": [],
            "skipped": [],
            "hasBeforeHooks": false,
            "hasAfterHooks": false,
            "hasTests": true,
            "hasSuites": false,
            "totalTests": 4,
            "totalPasses": 4,
            "totalFailures": 0,
            "totalPending": 0,
            "totalSkipped": 0,
            "hasPasses": true,
            "hasFailures": false,
            "hasPending": false,
            "hasSkipped": false,
            "duration": 7877,
            "rootEmpty": false
          }
        ],
        "tests": [
          {
            "title": "should install runtime-nodejs",
            "fullTitle": "RuntimeNodeJS installation should install runtime-nodejs",
            "timedOut": false,
            "duration": 414,
            "state": "passed",
            "speed": "slow",
            "pass": true,
            "fail": false,
            "pending": false,
            "code": "console.log('log->', rethinkNode.default, core);\n    expect(rethinkNode.default.install({\n      domain: domain,\n      runtimeURL,\n      development: true\n    }).then(function(result) {\n      rethink = result;\n      return rethink;\n    })).to.be.fulfilled\n    .and.eventually.have.all.keys('requireHyperty', 'requireProtostub')\n    .and.notify(done);",
            "err": {},
            "isRoot": false,
            "uuid": "18937edc-2f69-420a-9eb2-a14dfff5a2d4",
            "parentUUID": "331fd195-bdfc-4648-90b4-44e4091447c6",
            "isHook": false,
            "skipped": false
          }
        ],
        "pending": [],
        "root": false,
        "_timeout": 2000,
        "file": "/test/RuntimeNodeJS.spec.js",
        "uuid": "331fd195-bdfc-4648-90b4-44e4091447c6",
        "beforeHooks": [],
        "afterHooks": [],
        "fullFile": "/home/luis/Documents/rethink/dev-runtime-nodejs/test/RuntimeNodeJS.spec.js",
        "passes": [
          {
            "title": "should install runtime-nodejs",
            "fullTitle": "RuntimeNodeJS installation should install runtime-nodejs",
            "timedOut": false,
            "duration": 414,
            "state": "passed",
            "speed": "slow",
            "pass": true,
            "fail": false,
            "pending": false,
            "code": "console.log('log->', rethinkNode.default, core);\n    expect(rethinkNode.default.install({\n      domain: domain,\n      runtimeURL,\n      development: true\n    }).then(function(result) {\n      rethink = result;\n      return rethink;\n    })).to.be.fulfilled\n    .and.eventually.have.all.keys('requireHyperty', 'requireProtostub')\n    .and.notify(done);",
            "err": {},
            "isRoot": false,
            "uuid": "18937edc-2f69-420a-9eb2-a14dfff5a2d4",
            "parentUUID": "331fd195-bdfc-4648-90b4-44e4091447c6",
            "isHook": false,
            "skipped": false
          }
        ],
        "failures": [],
        "skipped": [],
        "hasBeforeHooks": false,
        "hasAfterHooks": false,
        "hasTests": true,
        "hasSuites": true,
        "totalTests": 1,
        "totalPasses": 1,
        "totalFailures": 0,
        "totalPending": 0,
        "totalSkipped": 0,
        "hasPasses": true,
        "hasFailures": false,
        "hasPending": false,
        "hasSkipped": false,
        "duration": 414,
        "rootEmpty": false
      }
    ],
    "tests": [],
    "pending": [],
    "root": true,
    "_timeout": 2000,
    "uuid": "be8f5eb7-52ad-4530-bbce-454637d2aa9a",
    "beforeHooks": [],
    "afterHooks": [],
    "fullFile": "",
    "file": "",
    "passes": [],
    "failures": [],
    "skipped": [],
    "hasBeforeHooks": false,
    "hasAfterHooks": false,
    "hasTests": false,
    "hasSuites": true,
    "totalTests": 0,
    "totalPasses": 0,
    "totalFailures": 0,
    "totalPending": 0,
    "totalSkipped": 0,
    "hasPasses": false,
    "hasFailures": false,
    "hasPending": false,
    "hasSkipped": false,
    "duration": 0,
    "rootEmpty": true
  },
  "allTests": [
    {
      "title": "should install runtime-nodejs",
      "fullTitle": "RuntimeNodeJS installation should install runtime-nodejs",
      "timedOut": false,
      "duration": 414,
      "state": "passed",
      "speed": "slow",
      "pass": true,
      "fail": false,
      "pending": false,
      "code": "console.log('log->', rethinkNode.default, core);\n    expect(rethinkNode.default.install({\n      domain: domain,\n      runtimeURL,\n      development: true\n    }).then(function(result) {\n      rethink = result;\n      return rethink;\n    })).to.be.fulfilled\n    .and.eventually.have.all.keys('requireHyperty', 'requireProtostub')\n    .and.notify(done);",
      "err": {},
      "isRoot": false,
      "uuid": "18937edc-2f69-420a-9eb2-a14dfff5a2d4",
      "parentUUID": "331fd195-bdfc-4648-90b4-44e4091447c6",
      "isHook": false,
      "skipped": false
    },
    {
      "title": "should load and install a Reporter hyperty",
      "fullTitle": "Data Objects created / sec should load and install a Reporter hyperty",
      "timedOut": false,
      "duration": 1719,
      "state": "passed",
      "speed": "slow",
      "pass": true,
      "fail": false,
      "pending": false,
      "code": "expect(rethink.requireHyperty(reporterHypertyURL).then(function(result) {\n  reporterHyperty = result.instance;\n  return result;\n}).catch(function(err) {\n  console.log('error->', err);\n})).to.be.fulfilled\n.and.eventually.have.all.keys('name', 'runtimeHypertyURL', 'instance', 'status')\n.and.notify(done);",
      "err": {},
      "isRoot": false,
      "uuid": "12797912-6e24-4b48-8412-d06511b7add5",
      "parentUUID": "f487f32d-0bc5-4211-aca9-935892144f1a",
      "isHook": false,
      "skipped": false
    },
    {
      "title": "should generate 20 Objects for reporterHyperty",
      "fullTitle": "Data Objects created / sec should generate 20 Objects for reporterHyperty",
      "timedOut": false,
      "duration": 388,
      "state": "passed",
      "speed": "slow",
      "pass": true,
      "fail": false,
      "pending": false,
      "code": "expect(createNReporters(reporterHyperty, nrOfDataObjRepObs)).to.be.fulfilled\n.and.eventually.to.be.an('array')\n.lengthOf(nrOfDataObjRepObs)\n.and.notify(done);",
      "err": {},
      "isRoot": false,
      "uuid": "bda6da3c-9dc5-4ad0-b394-0698548dc3fb",
      "parentUUID": "f487f32d-0bc5-4211-aca9-935892144f1a",
      "isHook": false,
      "skipped": false
    },
    {
      "title": "should load and install an Observer hyperty",
      "fullTitle": "Nodejs Data Objects subscribed should load and install an Observer hyperty",
      "timedOut": false,
      "duration": 1375,
      "state": "passed",
      "speed": "slow",
      "pass": true,
      "fail": false,
      "pending": false,
      "code": "expect(rethink.requireHyperty(observerHypertyURL).then(function(result) {\n  console.log('hyperty observer URL', result.instance.identityManager.hypertyURL);\n  observerHyperty = result.instance;\n  return result;\n}).catch(function(err) {\n  console.log('error->', err);\n})).to.be.fulfilled\n.and.eventually.have.all.keys('name', 'runtimeHypertyURL', 'instance', 'status')\n.and.notify(done);",
      "err": {},
      "isRoot": false,
      "uuid": "bc826d14-bc76-45f4-9ff9-2e2a02f81067",
      "parentUUID": "a373ee2d-46c7-4bf8-a1ab-d3eaa8e7f7b2",
      "isHook": false,
      "skipped": false
    },
    {
      "title": "should subcribe all dataObjects Reporter created before",
      "fullTitle": "Nodejs Data Objects subscribed should subcribe all dataObjects Reporter created before",
      "timedOut": false,
      "duration": 2001,
      "state": "passed",
      "speed": "slow",
      "pass": true,
      "fail": false,
      "pending": false,
      "code": "this.timeout(150 * nrOfDataObjRepObs);\nexpect(subscribeNReporters(nrOfDataObjRepObs)).to.be.fulfilled\n.and.eventually.to.be.true\n.and.notify(done);",
      "err": {},
      "isRoot": false,
      "uuid": "47ae5ad8-aea3-4dea-974a-c332fcc30507",
      "parentUUID": "a373ee2d-46c7-4bf8-a1ab-d3eaa8e7f7b2",
      "isHook": false,
      "skipped": false
    },
    {
      "title": "Change each DataObjectReporter one time and notify Observers",
      "fullTitle": "Nodejs Data Objects subscribed Change each DataObjectReporter one time and notify Observers",
      "timedOut": false,
      "duration": 204,
      "state": "passed",
      "speed": "slow",
      "pass": true,
      "fail": false,
      "pending": false,
      "code": "var count = 0;\n      for (i = 0; i < nrOfDataObjRepObs; i++) {\n        dataObjectObservers[i].onChange('*', (changeEvent) => {\n          expect(changeEvent).to.contain.all.keys({ cType: 'add', oType: 'object', field: 'test', data: ['a', 'b', 'c'] });\n          count++;\n          if (count == nrOfDataObjRepObs) {\n            console.log('All changes done!');\n            done();\n          }\n        });\n      }\n      var i;\n      for (i = 0; i < nrOfDataObjRepObs; i++) {\n        dataObjectReporters[i].data.test = ['a', 'b', 'c'];\n      }",
      "err": {},
      "isRoot": false,
      "uuid": "c93f7111-a31a-47ff-8963-3132b7b771c0",
      "parentUUID": "a373ee2d-46c7-4bf8-a1ab-d3eaa8e7f7b2",
      "isHook": false,
      "skipped": false
    },
    {
      "title": "Change Ntimes DataObjectReporters and notify Observers",
      "fullTitle": "Nodejs Data Objects subscribed Change Ntimes DataObjectReporters and notify Observers",
      "timedOut": false,
      "duration": 4297,
      "state": "passed",
      "speed": "slow",
      "pass": true,
      "fail": false,
      "pending": false,
      "code": "this.timeout(15 *  nrOfDataObjRepObs * nrOfChanges);\nvar count = 0;\nfor (i = 0; i < nrOfDataObjRepObs; i++) {\n  dataObjectObservers[i].onChange('*', (changeEvent) => {\n    count++;\n    if (count == nrOfDataObjRepObs * nrOfChanges) {\n      console.log('All changes done!');\n      done();\n    }\n  });\n}\nvar i;\nvar j;\nfor (i = 0; i < nrOfDataObjRepObs; i++) {\n  for (j = 0; j < nrOfChanges; j++) {\n    dataObjectReporters[i].data.test = ['a', 'b', 'c', j];\n  }\n}",
      "err": {},
      "isRoot": false,
      "uuid": "09ed0cd8-a38a-4ec6-b5ee-c83a015b50b1",
      "parentUUID": "a373ee2d-46c7-4bf8-a1ab-d3eaa8e7f7b2",
      "isHook": false,
      "skipped": false
    }
  ],
  "allPending": [],
  "allPasses": [
    {
      "title": "should install runtime-nodejs",
      "fullTitle": "RuntimeNodeJS installation should install runtime-nodejs",
      "timedOut": false,
      "duration": 414,
      "state": "passed",
      "speed": "slow",
      "pass": true,
      "fail": false,
      "pending": false,
      "code": "console.log('log->', rethinkNode.default, core);\n    expect(rethinkNode.default.install({\n      domain: domain,\n      runtimeURL,\n      development: true\n    }).then(function(result) {\n      rethink = result;\n      return rethink;\n    })).to.be.fulfilled\n    .and.eventually.have.all.keys('requireHyperty', 'requireProtostub')\n    .and.notify(done);",
      "err": {},
      "isRoot": false,
      "uuid": "18937edc-2f69-420a-9eb2-a14dfff5a2d4",
      "parentUUID": "331fd195-bdfc-4648-90b4-44e4091447c6",
      "isHook": false,
      "skipped": false
    },
    {
      "title": "should load and install a Reporter hyperty",
      "fullTitle": "Data Objects created / sec should load and install a Reporter hyperty",
      "timedOut": false,
      "duration": 1719,
      "state": "passed",
      "speed": "slow",
      "pass": true,
      "fail": false,
      "pending": false,
      "code": "expect(rethink.requireHyperty(reporterHypertyURL).then(function(result) {\n  reporterHyperty = result.instance;\n  return result;\n}).catch(function(err) {\n  console.log('error->', err);\n})).to.be.fulfilled\n.and.eventually.have.all.keys('name', 'runtimeHypertyURL', 'instance', 'status')\n.and.notify(done);",
      "err": {},
      "isRoot": false,
      "uuid": "12797912-6e24-4b48-8412-d06511b7add5",
      "parentUUID": "f487f32d-0bc5-4211-aca9-935892144f1a",
      "isHook": false,
      "skipped": false
    },
    {
      "title": "should generate 20 Objects for reporterHyperty",
      "fullTitle": "Data Objects created / sec should generate 20 Objects for reporterHyperty",
      "timedOut": false,
      "duration": 388,
      "state": "passed",
      "speed": "slow",
      "pass": true,
      "fail": false,
      "pending": false,
      "code": "expect(createNReporters(reporterHyperty, nrOfDataObjRepObs)).to.be.fulfilled\n.and.eventually.to.be.an('array')\n.lengthOf(nrOfDataObjRepObs)\n.and.notify(done);",
      "err": {},
      "isRoot": false,
      "uuid": "bda6da3c-9dc5-4ad0-b394-0698548dc3fb",
      "parentUUID": "f487f32d-0bc5-4211-aca9-935892144f1a",
      "isHook": false,
      "skipped": false
    },
    {
      "title": "should load and install an Observer hyperty",
      "fullTitle": "Nodejs Data Objects subscribed should load and install an Observer hyperty",
      "timedOut": false,
      "duration": 1375,
      "state": "passed",
      "speed": "slow",
      "pass": true,
      "fail": false,
      "pending": false,
      "code": "expect(rethink.requireHyperty(observerHypertyURL).then(function(result) {\n  console.log('hyperty observer URL', result.instance.identityManager.hypertyURL);\n  observerHyperty = result.instance;\n  return result;\n}).catch(function(err) {\n  console.log('error->', err);\n})).to.be.fulfilled\n.and.eventually.have.all.keys('name', 'runtimeHypertyURL', 'instance', 'status')\n.and.notify(done);",
      "err": {},
      "isRoot": false,
      "uuid": "bc826d14-bc76-45f4-9ff9-2e2a02f81067",
      "parentUUID": "a373ee2d-46c7-4bf8-a1ab-d3eaa8e7f7b2",
      "isHook": false,
      "skipped": false
    },
    {
      "title": "should subcribe all dataObjects Reporter created before",
      "fullTitle": "Nodejs Data Objects subscribed should subcribe all dataObjects Reporter created before",
      "timedOut": false,
      "duration": 2001,
      "state": "passed",
      "speed": "slow",
      "pass": true,
      "fail": false,
      "pending": false,
      "code": "this.timeout(150 * nrOfDataObjRepObs);\nexpect(subscribeNReporters(nrOfDataObjRepObs)).to.be.fulfilled\n.and.eventually.to.be.true\n.and.notify(done);",
      "err": {},
      "isRoot": false,
      "uuid": "47ae5ad8-aea3-4dea-974a-c332fcc30507",
      "parentUUID": "a373ee2d-46c7-4bf8-a1ab-d3eaa8e7f7b2",
      "isHook": false,
      "skipped": false
    },
    {
      "title": "Change each DataObjectReporter one time and notify Observers",
      "fullTitle": "Nodejs Data Objects subscribed Change each DataObjectReporter one time and notify Observers",
      "timedOut": false,
      "duration": 204,
      "state": "passed",
      "speed": "slow",
      "pass": true,
      "fail": false,
      "pending": false,
      "code": "var count = 0;\n      for (i = 0; i < nrOfDataObjRepObs; i++) {\n        dataObjectObservers[i].onChange('*', (changeEvent) => {\n          expect(changeEvent).to.contain.all.keys({ cType: 'add', oType: 'object', field: 'test', data: ['a', 'b', 'c'] });\n          count++;\n          if (count == nrOfDataObjRepObs) {\n            console.log('All changes done!');\n            done();\n          }\n        });\n      }\n      var i;\n      for (i = 0; i < nrOfDataObjRepObs; i++) {\n        dataObjectReporters[i].data.test = ['a', 'b', 'c'];\n      }",
      "err": {},
      "isRoot": false,
      "uuid": "c93f7111-a31a-47ff-8963-3132b7b771c0",
      "parentUUID": "a373ee2d-46c7-4bf8-a1ab-d3eaa8e7f7b2",
      "isHook": false,
      "skipped": false
    },
    {
      "title": "Change Ntimes DataObjectReporters and notify Observers",
      "fullTitle": "Nodejs Data Objects subscribed Change Ntimes DataObjectReporters and notify Observers",
      "timedOut": false,
      "duration": 4297,
      "state": "passed",
      "speed": "slow",
      "pass": true,
      "fail": false,
      "pending": false,
      "code": "this.timeout(15 *  nrOfDataObjRepObs * nrOfChanges);\nvar count = 0;\nfor (i = 0; i < nrOfDataObjRepObs; i++) {\n  dataObjectObservers[i].onChange('*', (changeEvent) => {\n    count++;\n    if (count == nrOfDataObjRepObs * nrOfChanges) {\n      console.log('All changes done!');\n      done();\n    }\n  });\n}\nvar i;\nvar j;\nfor (i = 0; i < nrOfDataObjRepObs; i++) {\n  for (j = 0; j < nrOfChanges; j++) {\n    dataObjectReporters[i].data.test = ['a', 'b', 'c', j];\n  }\n}",
      "err": {},
      "isRoot": false,
      "uuid": "09ed0cd8-a38a-4ec6-b5ee-c83a015b50b1",
      "parentUUID": "a373ee2d-46c7-4bf8-a1ab-d3eaa8e7f7b2",
      "isHook": false,
      "skipped": false
    }
  ],
  "allFailures": [],
  "copyrightYear": 2017
}